[0406/182505.728:ERROR:process_info.cc(359)] UncheckedAllocate
[0406/182506.218:ERROR:process_info.cc(359)] UncheckedAllocate
[0406/182506.353:ERROR:process_memory_win.cc(73)] ReadMemory at 0x7ff6612e0000 of 64 bytes failed: Only part of a ReadProcessMemory or WriteProcessMemory request was completed. (0x12B)
[0406/182506.354:WARNING:pe_image_reader.cc(340)] could not read dos header from C:\Program Files (x86)\Google\Chrome\Application\chrome.exe
[0406/182506.354:ERROR:process_memory_win.cc(73)] ReadMemory at 0x7fff34c40000 of 64 bytes failed: Only part of a ReadProcessMemory or WriteProcessMemory request was completed. (0x12B)
[0406/182506.354:WARNING:pe_image_reader.cc(340)] could not read dos header from C:\WINDOWS\SYSTEM32\ntdll.dll
[0406/182506.354:ERROR:process_memory_win.cc(73)] ReadMemory at 0x7fff34610000 of 64 bytes failed: Only part of a ReadProcessMemory or WriteProcessMemory request was completed. (0x12B)
[0406/182506.354:WARNING:pe_image_reader.cc(340)] could not read dos header from C:\WINDOWS\System32\KERNEL32.DLL
[0406/182506.354:ERROR:process_memory_win.cc(73)] ReadMemory at 0x7fff323b0000 of 64 bytes failed: Only part of a ReadProcessMemory or WriteProcessMemory request was completed. (0x12B)
[0406/182506.354:WARNING:pe_image_reader.cc(340)] could not read dos header from C:\WINDOWS\System32\KERNELBASE.dll
[0406/182506.354:ERROR:process_memory_win.cc(73)] ReadMemory at 0x7fff2ec70000 of 64 bytes failed: Only part of a ReadProcessMemory or WriteProcessMemory request was completed. (0x12B)
[0406/182506.354:WARNING:pe_image_reader.cc(340)] could not read dos header from C:\WINDOWS\SYSTEM32\apphelp.dll
[0406/182506.354:ERROR:process_memory_win.cc(73)] ReadMemory at 0x7fff16a00000 of 64 bytes failed: Only part of a ReadProcessMemory or WriteProcessMemory request was completed. (0x12B)
[0406/182506.354:WARNING:pe_image_reader.cc(340)] could not read dos header from C:\Program Files (x86)\Google\Chrome\Application\80.0.3987.163\chrome_elf.dll
[0406/182506.354:ERROR:process_memory_win.cc(73)] ReadMemory at 0x7fff2f940000 of 64 bytes failed: Only part of a ReadProcessMemory or WriteProcessMemory request was completed. (0x12B)
[0406/182506.354:WARNING:pe_image_reader.cc(340)] could not read dos header from C:\WINDOWS\SYSTEM32\VERSION.dll
[0406/182506.354:ERROR:process_memory_win.cc(73)] ReadMemory at 0x1b725fa0000 of 64 bytes failed: Only part of a ReadProcessMemory or WriteProcessMemory request was completed. (0x12B)
[0406/182506.354:WARNING:pe_image_reader.cc(340)] could not read dos header from C:\WINDOWS\System32\msvcrt.dll
[0406/182506.354:ERROR:process_memory_win.cc(73)] ReadMemory at 0x7fff32680000 of 64 bytes failed: Only part of a ReadProcessMemory or WriteProcessMemory request was completed. (0x12B)
[0406/182506.354:WARNING:pe_image_reader.cc(340)] could not read dos header from C:\WINDOWS\System32\bcryptPrimitives.dll
[0406/182506.355:ERROR:process_memory_win.cc(73)] ReadMemory at 0x7fff32e30000 of 64 bytes failed: Only part of a ReadProcessMemory or WriteProcessMemory request was completed. (0x12B)
[0406/182506.355:WARNING:pe_image_reader.cc(340)] could not read dos header from C:\WINDOWS\System32\ADVAPI32.dll
[0406/182506.355:ERROR:process_memory_win.cc(73)] ReadMemory at 0x7fff349a0000 of 64 bytes failed: Only part of a ReadProcessMemory or WriteProcessMemory request was completed. (0x12B)
[0406/182506.355:WARNING:pe_image_reader.cc(340)] could not read dos header from C:\WINDOWS\System32\sechost.dll
[0406/182506.355:ERROR:process_memory_win.cc(73)] ReadMemory at 0x7fff34770000 of 64 bytes failed: Only part of a ReadProcessMemory or WriteProcessMemory request was completed. (0x12B)
[0406/182506.355:WARNING:pe_image_reader.cc(340)] could not read dos header from C:\WINDOWS\System32\RPCRT4.dll
[0406/182506.355:ERROR:process_memory_win.cc(73)] ReadMemory at 0x7ffebeea0000 of 64 bytes failed: Only part of a ReadProcessMemory or WriteProcessMemory request was completed. (0x12B)
[0406/182506.355:WARNING:pe_image_reader.cc(340)] could not read dos header from C:\Program Files (x86)\Google\Chrome\Application\80.0.3987.163\chrome.dll
[0406/182506.355:ERROR:process_memory_win.cc(73)] ReadMemory at 0x7fff33590000 of 64 bytes failed: Only part of a ReadProcessMemory or WriteProcessMemory request was completed. (0x12B)
[0406/182506.355:WARNING:pe_image_reader.cc(340)] could not read dos header from C:\WINDOWS\System32\WS2_32.dll
[0406/182506.355:ERROR:process_memory_win.cc(73)] ReadMemory at 0x7fff33600000 of 64 bytes failed: Only part of a ReadProcessMemory or WriteProcessMemory request was completed. (0x12B)
[0406/182506.355:WARNING:pe_image_reader.cc(340)] could not read dos header from C:\WINDOWS\System32\OLEAUT32.dll
[0406/182506.355:ERROR:process_memory_win.cc(73)] ReadMemory at 0x7fff32700000 of 64 bytes failed: Only part of a ReadProcessMemory or WriteProcessMemory request was completed. (0x12B)
[0406/182506.355:WARNING:pe_image_reader.cc(340)] could not read dos header from C:\WINDOWS\System32\msvcp_win.dll
[0406/182506.355:ERROR:process_memory_win.cc(73)] ReadMemory at 0x7fff327a0000 of 64 bytes failed: Only part of a ReadProcessMemory or WriteProcessMemory request was completed. (0x12B)
[0406/182506.355:WARNING:pe_image_reader.cc(340)] could not read dos header from C:\WINDOWS\System32\ucrtbase.dll
[0406/182506.355:ERROR:process_memory_win.cc(73)] ReadMemory at 0x7fff34120000 of 64 bytes failed: Only part of a ReadProcessMemory or WriteProcessMemory request was completed. (0x12B)
[0406/182506.355:WARNING:pe_image_reader.cc(340)] could not read dos header from C:\WINDOWS\System32\combase.dll
[0406/182506.355:ERROR:process_memory_win.cc(73)] ReadMemory at 0x7fff31bd0000 of 64 bytes failed: Only part of a ReadProcessMemory or WriteProcessMemory request was completed. (0x12B)
[0406/182506.355:WARNING:pe_image_reader.cc(340)] could not read dos header from C:\WINDOWS\System32\WINTRUST.dll
[0406/182506.355:ERROR:process_memory_win.cc(73)] ReadMemory at 0x7fff31bb0000 of 64 bytes failed: Only part of a ReadProcessMemory or WriteProcessMemory request was completed. (0x12B)
[0406/182506.355:WARNING:pe_image_reader.cc(340)] could not read dos header from C:\WINDOWS\System32\MSASN1.dll
[0406/182506.355:ERROR:process_memory_win.cc(73)] ReadMemory at 0x7fff32b50000 of 64 bytes failed: Only part of a ReadProcessMemory or WriteProcessMemory request was completed. (0x12B)
[0406/182506.355:WARNING:pe_image_reader.cc(340)] could not read dos header from C:\WINDOWS\System32\CRYPT32.dll
[0406/182506.355:ERROR:process_memory_win.cc(73)] ReadMemory at 0x7fff309a0000 of 64 bytes failed: Only part of a ReadProcessMemory or WriteProcessMemory request was completed. (0x12B)
[0406/182506.355:WARNING:pe_image_reader.cc(340)] could not read dos header from C:\WINDOWS\SYSTEM32\IPHLPAPI.DLL
[0406/182506.355:ERROR:process_memory_win.cc(73)] ReadMemory at 0x7fff2e930000 of 64 bytes failed: Only part of a ReadProcessMemory or WriteProcessMemory request was completed. (0x12B)
[0406/182506.355:WARNING:pe_image_reader.cc(340)] could not read dos header from C:\WINDOWS\SYSTEM32\WINMM.dll
[0406/182506.355:ERROR:process_memory_win.cc(73)] ReadMemory at 0x7fff17290000 of 64 bytes failed: Only part of a ReadProcessMemory or WriteProcessMemory request was completed. (0x12B)
[0406/182506.355:WARNING:pe_image_reader.cc(340)] could not read dos header from C:\WINDOWS\SYSTEM32\Secur32.dll
[0406/182506.355:ERROR:process_memory_win.cc(73)] ReadMemory at 0x7fff319f0000 of 64 bytes failed: Only part of a ReadProcessMemory or WriteProcessMemory request was completed. (0x12B)
[0406/182506.355:WARNING:pe_image_reader.cc(340)] could not read dos header from C:\WINDOWS\SYSTEM32\USERENV.dll
[0406/182506.355:ERROR:process_memory_win.cc(73)] ReadMemory at 0x7fff31b80000 of 64 bytes failed: Only part of a ReadProcessMemory or WriteProcessMemory request was completed. (0x12B)
[0406/182506.355:WARNING:pe_image_reader.cc(340)] could not read dos header from C:\WINDOWS\System32\profapi.dll
[0406/182506.356:ERROR:process_memory_win.cc(73)] ReadMemory at 0x7ffefc710000 of 64 bytes failed: Only part of a ReadProcessMemory or WriteProcessMemory request was completed. (0x12B)
[0406/182506.356:WARNING:pe_image_reader.cc(340)] could not read dos header from C:\WINDOWS\SYSTEM32\UIAutomationCore.DLL
[0406/182506.356:ERROR:process_memory_win.cc(73)] ReadMemory at 0x7fff21820000 of 64 bytes failed: Only part of a ReadProcessMemory or WriteProcessMemory request was completed. (0x12B)
[0406/182506.356:WARNING:pe_image_reader.cc(340)] could not read dos header from C:\WINDOWS\SYSTEM32\DWrite.dll
[0406/182506.356:ERROR:process_memory_win.cc(73)] ReadMemory at 0x7fff14bb0000 of 64 bytes failed: Only part of a ReadProcessMemory or WriteProcessMemory request was completed. (0x12B)
[0406/182506.356:WARNING:pe_image_reader.cc(340)] could not read dos header from C:\WINDOWS\SYSTEM32\WINSPOOL.DRV
[0406/182506.356:ERROR:process_memory_win.cc(73)] ReadMemory at 0x7fff31b10000 of 64 bytes failed: Only part of a ReadProcessMemory or WriteProcessMemory request was completed. (0x12B)
[0406/182506.356:WARNING:pe_image_reader.cc(340)] could not read dos header from C:\WINDOWS\System32\kernel.appcore.dll
[0406/182506.356:ERROR:process_memory_win.cc(73)] ReadMemory at 0x7fff32b20000 of 64 bytes failed: Only part of a ReadProcessMemory or WriteProcessMemory request was completed. (0x12B)
[0406/182506.356:WARNING:pe_image_reader.cc(340)] could not read dos header from C:\WINDOWS\System32\bcrypt.dll
[0406/182506.356:ERROR:process_memory_win.cc(73)] ReadMemory at 0x7fff31620000 of 64 bytes failed: Only part of a ReadProcessMemory or WriteProcessMemory request was completed. (0x12B)
[0406/182506.356:WARNING:pe_image_reader.cc(340)] could not read dos header from C:\WINDOWS\SYSTEM32\dbghelp.dll
[0406/182506.356:ERROR:process_memory_win.cc(73)] ReadMemory at 0x7fff25e60000 of 64 bytes failed: Only part of a ReadProcessMemory or WriteProcessMemory request was completed. (0x12B)
[0406/182506.356:WARNING:pe_image_reader.cc(340)] could not read dos header from C:\WINDOWS\SYSTEM32\WINHTTP.dll
[0406/182506.356:ERROR:process_memory_win.cc(73)] ReadMemory at 0x7fff28d20000 of 64 bytes failed: Only part of a ReadProcessMemory or WriteProcessMemory request was completed. (0x12B)
[0406/182506.356:WARNING:pe_image_reader.cc(340)] could not read dos header from C:\WINDOWS\SYSTEM32\dhcpcsvc.DLL
[0406/182506.356:ERROR:process_memory_win.cc(73)] ReadMemory at 0x7fff34990000 of 64 bytes failed: Only part of a ReadProcessMemory or WriteProcessMemory request was completed. (0x12B)
[0406/182506.356:WARNING:pe_image_reader.cc(340)] could not read dos header from C:\WINDOWS\System32\NSI.dll
[0406/182506.356:ERROR:process_memory_win.cc(73)] ReadMemory at 0x7fff2e590000 of 64 bytes failed: Only part of a ReadProcessMemory or WriteProcessMemory request was completed. (0x12B)
[0406/182506.356:WARNING:pe_image_reader.cc(340)] could not read dos header from C:\WINDOWS\SYSTEM32\WINMMBASE.dll
[0406/182506.356:ERROR:process_memory_win.cc(73)] ReadMemory at 0x7fff32ca0000 of 64 bytes failed: Only part of a ReadProcessMemory or WriteProcessMemory request was completed. (0x12B)
[0406/182506.356:WARNING:pe_image_reader.cc(340)] could not read dos header from C:\WINDOWS\System32\cfgmgr32.dll
[0406/182506.356:ERROR:process_memory_win.cc(73)] ReadMemory at 0x7fff2f600000 of 64 bytes failed: Only part of a ReadProcessMemory or WriteProcessMemory request was completed. (0x12B)
[0406/182506.356:WARNING:pe_image_reader.cc(340)] could not read dos header from C:\WINDOWS\SYSTEM32\PROPSYS.dll
[0406/182506.356:ERROR:process_memory_win.cc(73)] ReadMemory at 0x7fff32f10000 of 64 bytes failed: Only part of a ReadProcessMemory or WriteProcessMemory request was completed. (0x12B)
[0406/182506.356:WARNING:pe_image_reader.cc(340)] could not read dos header from C:\WINDOWS\System32\shcore.dll
[0406/182506.356:ERROR:process_memory_win.cc(73)] ReadMemory at 0x7fff31a20000 of 64 bytes failed: Only part of a ReadProcessMemory or WriteProcessMemory request was completed. (0x12B)
[0406/182506.356:WARNING:pe_image_reader.cc(340)] could not read dos header from C:\WINDOWS\SYSTEM32\SSPICLI.DLL
[0406/182506.356:ERROR:process_memory_win.cc(73)] ReadMemory at 0x7fff30e60000 of 64 bytes failed: Only part of a ReadProcessMemory or WriteProcessMemory request was completed. (0x12B)
[0406/182506.356:WARNING:pe_image_reader.cc(340)] could not read dos header from C:\WINDOWS\SYSTEM32\CRYPTBASE.DLL
[0406/182506.356:ERROR:process_memory_win.cc(73)] ReadMemory at 0x7ff6612e0000 of 64 bytes failed: Only part of a ReadProcessMemory or WriteProcessMemory request was completed. (0x12B)
[0406/182506.356:WARNING:pe_image_reader.cc(340)] could not read dos header from C:\Program Files (x86)\Google\Chrome\Application\chrome.exe
[0406/182506.356:ERROR:process_memory_win.cc(73)] ReadMemory at 0x7fff34c40000 of 64 bytes failed: Only part of a ReadProcessMemory or WriteProcessMemory request was completed. (0x12B)
[0406/182506.356:WARNING:pe_image_reader.cc(340)] could not read dos header from C:\WINDOWS\SYSTEM32\ntdll.dll
[0406/182506.356:ERROR:process_memory_win.cc(73)] ReadMemory at 0x7fff34610000 of 64 bytes failed: Only part of a ReadProcessMemory or WriteProcessMemory request was completed. (0x12B)
[0406/182506.356:WARNING:pe_image_reader.cc(340)] could not read dos header from C:\WINDOWS\System32\KERNEL32.DLL
[0406/182506.357:ERROR:process_memory_win.cc(73)] ReadMemory at 0x7fff323b0000 of 64 bytes failed: Only part of a ReadProcessMemory or WriteProcessMemory request was completed. (0x12B)
[0406/182506.357:WARNING:pe_image_reader.cc(340)] could not read dos header from C:\WINDOWS\System32\KERNELBASE.dll
[0406/182506.357:ERROR:process_memory_win.cc(73)] ReadMemory at 0x7fff2ec70000 of 64 bytes failed: Only part of a ReadProcessMemory or WriteProcessMemory request was completed. (0x12B)
[0406/182506.357:WARNING:pe_image_reader.cc(340)] could not read dos header from C:\WINDOWS\SYSTEM32\apphelp.dll
[0406/182506.357:ERROR:process_memory_win.cc(73)] ReadMemory at 0x7fff16a00000 of 64 bytes failed: Only part of a ReadProcessMemory or WriteProcessMemory request was completed. (0x12B)
[0406/182506.357:WARNING:pe_image_reader.cc(340)] could not read dos header from C:\Program Files (x86)\Google\Chrome\Application\80.0.3987.163\chrome_elf.dll
[0406/182506.357:ERROR:process_memory_win.cc(73)] ReadMemory at 0x7fff2f940000 of 64 bytes failed: Only part of a ReadProcessMemory or WriteProcessMemory request was completed. (0x12B)
[0406/182506.357:WARNING:pe_image_reader.cc(340)] could not read dos header from C:\WINDOWS\SYSTEM32\VERSION.dll
[0406/182506.357:ERROR:process_memory_win.cc(73)] ReadMemory at 0x1b725fa0000 of 64 bytes failed: Only part of a ReadProcessMemory or WriteProcessMemory request was completed. (0x12B)
[0406/182506.357:WARNING:pe_image_reader.cc(340)] could not read dos header from C:\WINDOWS\System32\msvcrt.dll
[0406/182506.357:ERROR:process_memory_win.cc(73)] ReadMemory at 0x7fff32680000 of 64 bytes failed: Only part of a ReadProcessMemory or WriteProcessMemory request was completed. (0x12B)
[0406/182506.357:WARNING:pe_image_reader.cc(340)] could not read dos header from C:\WINDOWS\System32\bcryptPrimitives.dll
[0406/182506.357:ERROR:process_memory_win.cc(73)] ReadMemory at 0x7fff32e30000 of 64 bytes failed: Only part of a ReadProcessMemory or WriteProcessMemory request was completed. (0x12B)
[0406/182506.357:WARNING:pe_image_reader.cc(340)] could not read dos header from C:\WINDOWS\System32\ADVAPI32.dll
[0406/182506.357:ERROR:process_memory_win.cc(73)] ReadMemory at 0x7fff349a0000 of 64 bytes failed: Only part of a ReadProcessMemory or WriteProcessMemory request was completed. (0x12B)
[0406/182506.357:WARNING:pe_image_reader.cc(340)] could not read dos header from C:\WINDOWS\System32\sechost.dll
[0406/182506.357:ERROR:process_memory_win.cc(73)] ReadMemory at 0x7fff34770000 of 64 bytes failed: Only part of a ReadProcessMemory or WriteProcessMemory request was completed. (0x12B)
[0406/182506.357:WARNING:pe_image_reader.cc(340)] could not read dos header from C:\WINDOWS\System32\RPCRT4.dll
[0406/182506.357:ERROR:process_memory_win.cc(73)] ReadMemory at 0x7ffebeea0000 of 64 bytes failed: Only part of a ReadProcessMemory or WriteProcessMemory request was completed. (0x12B)
[0406/182506.357:WARNING:pe_image_reader.cc(340)] could not read dos header from C:\Program Files (x86)\Google\Chrome\Application\80.0.3987.163\chrome.dll
[0406/182506.357:ERROR:process_memory_win.cc(73)] ReadMemory at 0x7fff33590000 of 64 bytes failed: Only part of a ReadProcessMemory or WriteProcessMemory request was completed. (0x12B)
[0406/182506.357:WARNING:pe_image_reader.cc(340)] could not read dos header from C:\WINDOWS\System32\WS2_32.dll
[0406/182506.357:ERROR:process_memory_win.cc(73)] ReadMemory at 0x7fff33600000 of 64 bytes failed: Only part of a ReadProcessMemory or WriteProcessMemory request was completed. (0x12B)
[0406/182506.357:WARNING:pe_image_reader.cc(340)] could not read dos header from C:\WINDOWS\System32\OLEAUT32.dll
[0406/182506.357:ERROR:process_memory_win.cc(73)] ReadMemory at 0x7fff32700000 of 64 bytes failed: Only part of a ReadProcessMemory or WriteProcessMemory request was completed. (0x12B)
[0406/182506.357:WARNING:pe_image_reader.cc(340)] could not read dos header from C:\WINDOWS\System32\msvcp_win.dll
[0406/182506.357:ERROR:process_memory_win.cc(73)] ReadMemory at 0x7fff327a0000 of 64 bytes failed: Only part of a ReadProcessMemory or WriteProcessMemory request was completed. (0x12B)
[0406/182506.357:WARNING:pe_image_reader.cc(340)] could not read dos header from C:\WINDOWS\System32\ucrtbase.dll
[0406/182506.357:ERROR:process_memory_win.cc(73)] ReadMemory at 0x7fff34120000 of 64 bytes failed: Only part of a ReadProcessMemory or WriteProcessMemory request was completed. (0x12B)
[0406/182506.357:WARNING:pe_image_reader.cc(340)] could not read dos header from C:\WINDOWS\System32\combase.dll
[0406/182506.357:ERROR:process_memory_win.cc(73)] ReadMemory at 0x7fff31bd0000 of 64 bytes failed: Only part of a ReadProcessMemory or WriteProcessMemory request was completed. (0x12B)
[0406/182506.357:WARNING:pe_image_reader.cc(340)] could not read dos header from C:\WINDOWS\System32\WINTRUST.dll
[0406/182506.357:ERROR:process_memory_win.cc(73)] ReadMemory at 0x7fff31bb0000 of 64 bytes failed: Only part of a ReadProcessMemory or WriteProcessMemory request was completed. (0x12B)
[0406/182506.357:WARNING:pe_image_reader.cc(340)] could not read dos header from C:\WINDOWS\System32\MSASN1.dll
[0406/182506.357:ERROR:process_memory_win.cc(73)] ReadMemory at 0x7fff32b50000 of 64 bytes failed: Only part of a ReadProcessMemory or WriteProcessMemory request was completed. (0x12B)
[0406/182506.357:WARNING:pe_image_reader.cc(340)] could not read dos header from C:\WINDOWS\System32\CRYPT32.dll
[0406/182506.357:ERROR:process_memory_win.cc(73)] ReadMemory at 0x7fff309a0000 of 64 bytes failed: Only part of a ReadProcessMemory or WriteProcessMemory request was completed. (0x12B)
[0406/182506.358:WARNING:pe_image_reader.cc(340)] could not read dos header from C:\WINDOWS\SYSTEM32\IPHLPAPI.DLL
[0406/182506.358:ERROR:process_memory_win.cc(73)] ReadMemory at 0x7fff2e930000 of 64 bytes failed: Only part of a ReadProcessMemory or WriteProcessMemory request was completed. (0x12B)
[0406/182506.358:WARNING:pe_image_reader.cc(340)] could not read dos header from C:\WINDOWS\SYSTEM32\WINMM.dll
[0406/182506.358:ERROR:process_memory_win.cc(73)] ReadMemory at 0x7fff17290000 of 64 bytes failed: Only part of a ReadProcessMemory or WriteProcessMemory request was completed. (0x12B)
[0406/182506.358:WARNING:pe_image_reader.cc(340)] could not read dos header from C:\WINDOWS\SYSTEM32\Secur32.dll
[0406/182506.358:ERROR:process_memory_win.cc(73)] ReadMemory at 0x7fff319f0000 of 64 bytes failed: Only part of a ReadProcessMemory or WriteProcessMemory request was completed. (0x12B)
[0406/182506.358:WARNING:pe_image_reader.cc(340)] could not read dos header from C:\WINDOWS\SYSTEM32\USERENV.dll
[0406/182506.358:ERROR:process_memory_win.cc(73)] ReadMemory at 0x7fff31b80000 of 64 bytes failed: Only part of a ReadProcessMemory or WriteProcessMemory request was completed. (0x12B)
[0406/182506.358:WARNING:pe_image_reader.cc(340)] could not read dos header from C:\WINDOWS\System32\profapi.dll
[0406/182506.358:ERROR:process_memory_win.cc(73)] ReadMemory at 0x7ffefc710000 of 64 bytes failed: Only part of a ReadProcessMemory or WriteProcessMemory request was completed. (0x12B)
[0406/182506.358:WARNING:pe_image_reader.cc(340)] could not read dos header from C:\WINDOWS\SYSTEM32\UIAutomationCore.DLL
[0406/182506.358:ERROR:process_memory_win.cc(73)] ReadMemory at 0x7fff21820000 of 64 bytes failed: Only part of a ReadProcessMemory or WriteProcessMemory request was completed. (0x12B)
[0406/182506.358:WARNING:pe_image_reader.cc(340)] could not read dos header from C:\WINDOWS\SYSTEM32\DWrite.dll
[0406/182506.358:ERROR:process_memory_win.cc(73)] ReadMemory at 0x7fff14bb0000 of 64 bytes failed: Only part of a ReadProcessMemory or WriteProcessMemory request was completed. (0x12B)
[0406/182506.358:WARNING:pe_image_reader.cc(340)] could not read dos header from C:\WINDOWS\SYSTEM32\WINSPOOL.DRV
[0406/182506.358:ERROR:process_memory_win.cc(73)] ReadMemory at 0x7fff31b10000 of 64 bytes failed: Only part of a ReadProcessMemory or WriteProcessMemory request was completed. (0x12B)
[0406/182506.358:WARNING:pe_image_reader.cc(340)] could not read dos header from C:\WINDOWS\System32\kernel.appcore.dll
[0406/182506.358:ERROR:process_memory_win.cc(73)] ReadMemory at 0x7fff32b20000 of 64 bytes failed: Only part of a ReadProcessMemory or WriteProcessMemory request was completed. (0x12B)
[0406/182506.358:WARNING:pe_image_reader.cc(340)] could not read dos header from C:\WINDOWS\System32\bcrypt.dll
[0406/182506.358:ERROR:process_memory_win.cc(73)] ReadMemory at 0x7fff31620000 of 64 bytes failed: Only part of a ReadProcessMemory or WriteProcessMemory request was completed. (0x12B)
[0406/182506.358:WARNING:pe_image_reader.cc(340)] could not read dos header from C:\WINDOWS\SYSTEM32\dbghelp.dll
[0406/182506.358:ERROR:process_memory_win.cc(73)] ReadMemory at 0x7fff25e60000 of 64 bytes failed: Only part of a ReadProcessMemory or WriteProcessMemory request was completed. (0x12B)
[0406/182506.358:WARNING:pe_image_reader.cc(340)] could not read dos header from C:\WINDOWS\SYSTEM32\WINHTTP.dll
[0406/182506.358:ERROR:process_memory_win.cc(73)] ReadMemory at 0x7fff28d20000 of 64 bytes failed: Only part of a ReadProcessMemory or WriteProcessMemory request was completed. (0x12B)
[0406/182506.358:WARNING:pe_image_reader.cc(340)] could not read dos header from C:\WINDOWS\SYSTEM32\dhcpcsvc.DLL
[0406/182506.358:ERROR:process_memory_win.cc(73)] ReadMemory at 0x7fff34990000 of 64 bytes failed: Only part of a ReadProcessMemory or WriteProcessMemory request was completed. (0x12B)
[0406/182506.358:WARNING:pe_image_reader.cc(340)] could not read dos header from C:\WINDOWS\System32\NSI.dll
[0406/182506.358:ERROR:process_memory_win.cc(73)] ReadMemory at 0x7fff2e590000 of 64 bytes failed: Only part of a ReadProcessMemory or WriteProcessMemory request was completed. (0x12B)
[0406/182506.358:WARNING:pe_image_reader.cc(340)] could not read dos header from C:\WINDOWS\SYSTEM32\WINMMBASE.dll
[0406/182506.358:ERROR:process_memory_win.cc(73)] ReadMemory at 0x7fff32ca0000 of 64 bytes failed: Only part of a ReadProcessMemory or WriteProcessMemory request was completed. (0x12B)
[0406/182506.358:WARNING:pe_image_reader.cc(340)] could not read dos header from C:\WINDOWS\System32\cfgmgr32.dll
[0406/182506.358:ERROR:process_memory_win.cc(73)] ReadMemory at 0x7fff2f600000 of 64 bytes failed: Only part of a ReadProcessMemory or WriteProcessMemory request was completed. (0x12B)
[0406/182506.358:WARNING:pe_image_reader.cc(340)] could not read dos header from C:\WINDOWS\SYSTEM32\PROPSYS.dll
[0406/182506.358:ERROR:process_memory_win.cc(73)] ReadMemory at 0x7fff32f10000 of 64 bytes failed: Only part of a ReadProcessMemory or WriteProcessMemory request was completed. (0x12B)
[0406/182506.358:WARNING:pe_image_reader.cc(340)] could not read dos header from C:\WINDOWS\System32\shcore.dll
[0406/182506.358:ERROR:process_memory_win.cc(73)] ReadMemory at 0x7fff31a20000 of 64 bytes failed: Only part of a ReadProcessMemory or WriteProcessMemory request was completed. (0x12B)
[0406/182506.358:WARNING:pe_image_reader.cc(340)] could not read dos header from C:\WINDOWS\SYSTEM32\SSPICLI.DLL
[0406/182506.358:ERROR:process_memory_win.cc(73)] ReadMemory at 0x7fff30e60000 of 64 bytes failed: Only part of a ReadProcessMemory or WriteProcessMemory request was completed. (0x12B)
[0406/182506.358:WARNING:pe_image_reader.cc(340)] could not read dos header from C:\WINDOWS\SYSTEM32\CRYPTBASE.DLL
[0406/182506.369:ERROR:process_memory_win.cc(73)] ReadMemory at 0x104e3f6000 of 40960 bytes failed: Only part of a ReadProcessMemory or WriteProcessMemory request was completed. (0x12B)
[0406/182506.369:ERROR:process_memory_win.cc(73)] ReadMemory at 0x104ebfd000 of 12288 bytes failed: Only part of a ReadProcessMemory or WriteProcessMemory request was completed. (0x12B)
[0406/182506.369:ERROR:process_memory_win.cc(73)] ReadMemory at 0x104f3fd000 of 12288 bytes failed: Only part of a ReadProcessMemory or WriteProcessMemory request was completed. (0x12B)
[0406/182506.369:ERROR:process_memory_win.cc(73)] ReadMemory at 0x104fbfc000 of 16384 bytes failed: Only part of a ReadProcessMemory or WriteProcessMemory request was completed. (0x12B)
[0406/182506.369:ERROR:process_memory_win.cc(73)] ReadMemory at 0x10503fc000 of 16384 bytes failed: Only part of a ReadProcessMemory or WriteProcessMemory request was completed. (0x12B)
[0406/182506.370:ERROR:process_memory_win.cc(73)] ReadMemory at 0x1050bfe000 of 8192 bytes failed: Only part of a ReadProcessMemory or WriteProcessMemory request was completed. (0x12B)
[0406/182506.370:ERROR:process_memory_win.cc(73)] ReadMemory at 0x10513fd000 of 12288 bytes failed: Only part of a ReadProcessMemory or WriteProcessMemory request was completed. (0x12B)
[0406/182506.370:ERROR:process_memory_win.cc(73)] ReadMemory at 0x1051bfc000 of 16384 bytes failed: Only part of a ReadProcessMemory or WriteProcessMemory request was completed. (0x12B)
[0406/182506.370:ERROR:process_memory_win.cc(73)] ReadMemory at 0x10523fd000 of 12288 bytes failed: Only part of a ReadProcessMemory or WriteProcessMemory request was completed. (0x12B)
[0406/182506.370:ERROR:process_memory_win.cc(73)] ReadMemory at 0x1052bfd000 of 12288 bytes failed: Only part of a ReadProcessMemory or WriteProcessMemory request was completed. (0x12B)
[0406/182506.370:ERROR:process_memory_win.cc(73)] ReadMemory at 0x10533fd000 of 12288 bytes failed: Only part of a ReadProcessMemory or WriteProcessMemory request was completed. (0x12B)
[0406/182506.370:ERROR:process_memory_win.cc(73)] ReadMemory at 0x1053bfd000 of 12288 bytes failed: Only part of a ReadProcessMemory or WriteProcessMemory request was completed. (0x12B)
[0406/182506.370:ERROR:process_memory_win.cc(73)] ReadMemory at 0x10543fd000 of 12288 bytes failed: Only part of a ReadProcessMemory or WriteProcessMemory request was completed. (0x12B)
[0406/182506.370:ERROR:process_memory_win.cc(73)] ReadMemory at 0x1054bfd000 of 12288 bytes failed: Only part of a ReadProcessMemory or WriteProcessMemory request was completed. (0x12B)
[0406/182506.370:ERROR:process_memory_win.cc(73)] ReadMemory at 0x10553fd000 of 12288 bytes failed: Only part of a ReadProcessMemory or WriteProcessMemory request was completed. (0x12B)
[0406/182506.370:ERROR:process_memory_win.cc(73)] ReadMemory at 0x1055bfd000 of 12288 bytes failed: Only part of a ReadProcessMemory or WriteProcessMemory request was completed. (0x12B)
[0406/182506.370:ERROR:process_memory_win.cc(73)] ReadMemory at 0x104dada000 of 852 bytes failed: Only part of a ReadProcessMemory or WriteProcessMemory request was completed. (0x12B)
[0406/182506.370:ERROR:process_memory_win.cc(73)] ReadMemory at 0x104dadb000 of 6024 bytes failed: Only part of a ReadProcessMemory or WriteProcessMemory request was completed. (0x12B)
[0406/182506.370:ERROR:process_memory_win.cc(73)] ReadMemory at 0x104dadd000 of 6024 bytes failed: Only part of a ReadProcessMemory or WriteProcessMemory request was completed. (0x12B)
[0406/182506.370:ERROR:process_memory_win.cc(73)] ReadMemory at 0x104dadf000 of 6024 bytes failed: Only part of a ReadProcessMemory or WriteProcessMemory request was completed. (0x12B)
[0406/182506.371:ERROR:process_memory_win.cc(73)] ReadMemory at 0x104dae1000 of 6024 bytes failed: Only part of a ReadProcessMemory or WriteProcessMemory request was completed. (0x12B)
[0406/182506.371:ERROR:process_memory_win.cc(73)] ReadMemory at 0x104dae3000 of 6024 bytes failed: Only part of a ReadProcessMemory or WriteProcessMemory request was completed. (0x12B)
[0406/182506.371:ERROR:process_memory_win.cc(73)] ReadMemory at 0x104dae5000 of 6024 bytes failed: Only part of a ReadProcessMemory or WriteProcessMemory request was completed. (0x12B)
[0406/182506.371:ERROR:process_memory_win.cc(73)] ReadMemory at 0x104dae7000 of 6024 bytes failed: Only part of a ReadProcessMemory or WriteProcessMemory request was completed. (0x12B)
[0406/182506.371:ERROR:process_memory_win.cc(73)] ReadMemory at 0x104dae9000 of 6024 bytes failed: Only part of a ReadProcessMemory or WriteProcessMemory request was completed. (0x12B)
[0406/182506.371:ERROR:process_memory_win.cc(73)] ReadMemory at 0x104daeb000 of 6024 bytes failed: Only part of a ReadProcessMemory or WriteProcessMemory request was completed. (0x12B)
[0406/182506.371:ERROR:process_memory_win.cc(73)] ReadMemory at 0x104daed000 of 6024 bytes failed: Only part of a ReadProcessMemory or WriteProcessMemory request was completed. (0x12B)
[0406/182506.371:ERROR:process_memory_win.cc(73)] ReadMemory at 0x104daef000 of 6024 bytes failed: Only part of a ReadProcessMemory or WriteProcessMemory request was completed. (0x12B)
[0406/182506.371:ERROR:process_memory_win.cc(73)] ReadMemory at 0x104daf1000 of 6024 bytes failed: Only part of a ReadProcessMemory or WriteProcessMemory request was completed. (0x12B)
[0406/182506.371:ERROR:process_memory_win.cc(73)] ReadMemory at 0x104daf3000 of 6024 bytes failed: Only part of a ReadProcessMemory or WriteProcessMemory request was completed. (0x12B)
[0406/182506.371:ERROR:process_memory_win.cc(73)] ReadMemory at 0x104daf5000 of 6024 bytes failed: Only part of a ReadProcessMemory or WriteProcessMemory request was completed. (0x12B)
[0406/182506.371:ERROR:process_memory_win.cc(73)] ReadMemory at 0x104daf7000 of 6024 bytes failed: Only part of a ReadProcessMemory or WriteProcessMemory request was completed. (0x12B)
[0406/182506.371:ERROR:process_memory_win.cc(73)] ReadMemory at 0x104daf9000 of 6024 bytes failed: Only part of a ReadProcessMemory or WriteProcessMemory request was completed. (0x12B)
[0406/182506.371:ERROR:process_memory_win.cc(73)] ReadMemory at 0x1b725d90fe0 of 5372 bytes failed: Only part of a ReadProcessMemory or WriteProcessMemory request was completed. (0x12B)
[0406/182506.371:ERROR:process_memory_win.cc(73)] ReadMemory at 0x1b725d924f0 of 1012 bytes failed: Only part of a ReadProcessMemory or WriteProcessMemory request was completed. (0x12B)
[0406/182506.371:ERROR:process_memory_win.cc(73)] ReadMemory at 0x1b725d92b38 of 118 bytes failed: Only part of a ReadProcessMemory or WriteProcessMemory request was completed. (0x12B)
[0406/182506.371:ERROR:process_memory_win.cc(73)] ReadMemory at 0x1b725d92bb0 of 762 bytes failed: Only part of a ReadProcessMemory or WriteProcessMemory request was completed. (0x12B)
[0406/182506.372:ERROR:process_memory_win.cc(73)] ReadMemory at 0x1b725d92eac of 118 bytes failed: Only part of a ReadProcessMemory or WriteProcessMemory request was completed. (0x12B)
[0406/182506.372:ERROR:process_memory_win.cc(73)] ReadMemory at 0x1b725d92f24 of 98 bytes failed: Only part of a ReadProcessMemory or WriteProcessMemory request was completed. (0x12B)
[0406/182506.372:ERROR:process_memory_win.cc(73)] ReadMemory at 0x1b725d92fa0 of 58 bytes failed: Only part of a ReadProcessMemory or WriteProcessMemory request was completed. (0x12B)
[0406/182506.372:ERROR:process_memory_win.cc(73)] ReadMemory at 0x1b725d930a0 of 132 bytes failed: Only part of a ReadProcessMemory or WriteProcessMemory request was completed. (0x12B)
[0406/182506.372:ERROR:process_memory_win.cc(73)] ReadMemory at 0x1b725d93230 of 132 bytes failed: Only part of a ReadProcessMemory or WriteProcessMemory request was completed. (0x12B)
[0406/182506.372:ERROR:process_memory_win.cc(73)] ReadMemory at 0x1b725d933f0 of 126 bytes failed: Only part of a ReadProcessMemory or WriteProcessMemory request was completed. (0x12B)
[0406/182506.372:ERROR:process_memory_win.cc(73)] ReadMemory at 0x1b725d937d0 of 132 bytes failed: Only part of a ReadProcessMemory or WriteProcessMemory request was completed. (0x12B)
[0406/182506.372:ERROR:process_memory_win.cc(73)] ReadMemory at 0x1b725d93960 of 64 bytes failed: Only part of a ReadProcessMemory or WriteProcessMemory request was completed. (0x12B)
[0406/182506.372:ERROR:process_memory_win.cc(73)] ReadMemory at 0x1b725d939b0 of 132 bytes failed: Only part of a ReadProcessMemory or WriteProcessMemory request was completed. (0x12B)
[0406/182506.372:ERROR:process_memory_win.cc(73)] ReadMemory at 0x1b725d93d30 of 62 bytes failed: Only part of a ReadProcessMemory or WriteProcessMemory request was completed. (0x12B)
[0406/182506.372:ERROR:process_memory_win.cc(73)] ReadMemory at 0x1b725d93dc0 of 132 bytes failed: Only part of a ReadProcessMemory or WriteProcessMemory request was completed. (0x12B)
[0406/182506.372:ERROR:process_memory_win.cc(73)] ReadMemory at 0x1b725d93f50 of 68 bytes failed: Only part of a ReadProcessMemory or WriteProcessMemory request was completed. (0x12B)
[0406/182506.372:ERROR:process_memory_win.cc(73)] ReadMemory at 0x1b725da1a20 of 132 bytes failed: Only part of a ReadProcessMemory or WriteProcessMemory request was completed. (0x12B)
[0406/182506.372:ERROR:process_memory_win.cc(73)] ReadMemory at 0x1b725da1bb0 of 146 bytes failed: Only part of a ReadProcessMemory or WriteProcessMemory request was completed. (0x12B)
[0406/182506.372:ERROR:process_memory_win.cc(73)] ReadMemory at 0x1b725da1c90 of 132 bytes failed: Only part of a ReadProcessMemory or WriteProcessMemory request was completed. (0x12B)
[0406/182506.372:ERROR:process_memory_win.cc(73)] ReadMemory at 0x1b725da1e20 of 154 bytes failed: Only part of a ReadProcessMemory or WriteProcessMemory request was completed. (0x12B)
[0406/182506.372:ERROR:process_memory_win.cc(73)] ReadMemory at 0x1b725da2200 of 132 bytes failed: Only part of a ReadProcessMemory or WriteProcessMemory request was completed. (0x12B)
[0406/182506.372:ERROR:process_memory_win.cc(73)] ReadMemory at 0x1b725da2330 of 132 bytes failed: Only part of a ReadProcessMemory or WriteProcessMemory request was completed. (0x12B)
[0406/182506.373:ERROR:process_memory_win.cc(73)] ReadMemory at 0x1b725da2510 of 62 bytes failed: Only part of a ReadProcessMemory or WriteProcessMemory request was completed. (0x12B)
[0406/182506.373:ERROR:process_memory_win.cc(73)] ReadMemory at 0x1b725da2560 of 132 bytes failed: Only part of a ReadProcessMemory or WriteProcessMemory request was completed. (0x12B)
[0406/182506.373:ERROR:process_memory_win.cc(73)] ReadMemory at 0x1b725da2700 of 132 bytes failed: Only part of a ReadProcessMemory or WriteProcessMemory request was completed. (0x12B)
[0406/182506.373:ERROR:process_memory_win.cc(73)] ReadMemory at 0x1b725da2830 of 60 bytes failed: Only part of a ReadProcessMemory or WriteProcessMemory request was completed. (0x12B)
[0406/182506.373:ERROR:process_memory_win.cc(73)] ReadMemory at 0x1b725da34f0 of 62 bytes failed: Only part of a ReadProcessMemory or WriteProcessMemory request was completed. (0x12B)
[0406/182506.373:ERROR:process_memory_win.cc(73)] ReadMemory at 0x1b725da3590 of 66 bytes failed: Only part of a ReadProcessMemory or WriteProcessMemory request was completed. (0x12B)
[0406/182506.373:ERROR:process_memory_win.cc(73)] ReadMemory at 0x1b725da3680 of 60 bytes failed: Only part of a ReadProcessMemory or WriteProcessMemory request was completed. (0x12B)
[0406/182506.373:ERROR:process_memory_win.cc(73)] ReadMemory at 0x1b725da3720 of 64 bytes failed: Only part of a ReadProcessMemory or WriteProcessMemory request was completed. (0x12B)
[0406/182506.373:ERROR:process_memory_win.cc(73)] ReadMemory at 0x1b725da3810 of 62 bytes failed: Only part of a ReadProcessMemory or WriteProcessMemory request was completed. (0x12B)
[0406/182506.373:ERROR:process_memory_win.cc(73)] ReadMemory at 0x1b725da3860 of 64 bytes failed: Only part of a ReadProcessMemory or WriteProcessMemory request was completed. (0x12B)
[0406/182506.373:ERROR:process_memory_win.cc(73)] ReadMemory at 0x1b725da38b0 of 60 bytes failed: Only part of a ReadProcessMemory or WriteProcessMemory request was completed. (0x12B)
[0406/182506.373:ERROR:process_memory_win.cc(73)] ReadMemory at 0x1b725da3950 of 64 bytes failed: Only part of a ReadProcessMemory or WriteProcessMemory request was completed. (0x12B)
[0406/182506.373:ERROR:process_memory_win.cc(73)] ReadMemory at 0x1b725da3a90 of 64 bytes failed: Only part of a ReadProcessMemory or WriteProcessMemory request was completed. (0x12B)
[0406/182506.373:ERROR:process_memory_win.cc(73)] ReadMemory at 0x1b725da3bdc of 512 bytes failed: Only part of a ReadProcessMemory or WriteProcessMemory request was completed. (0x12B)
[0406/182506.373:ERROR:process_memory_win.cc(73)] ReadMemory at 0x1b725da3ff0 of 132 bytes failed: Only part of a ReadProcessMemory or WriteProcessMemory request was completed. (0x12B)
[0406/182506.373:ERROR:process_memory_win.cc(73)] ReadMemory at 0x1b725da4120 of 132 bytes failed: Only part of a ReadProcessMemory or WriteProcessMemory request was completed. (0x12B)
[0406/182506.373:ERROR:process_memory_win.cc(73)] ReadMemory at 0x1b725da4390 of 132 bytes failed: Only part of a ReadProcessMemory or WriteProcessMemory request was completed. (0x12B)
[0406/182506.373:ERROR:process_memory_win.cc(73)] ReadMemory at 0x1b725da4620 of 512 bytes failed: Only part of a ReadProcessMemory or WriteProcessMemory request was completed. (0x12B)
[0406/182506.373:ERROR:process_memory_win.cc(73)] ReadMemory at 0x1b725da48e0 of 132 bytes failed: Only part of a ReadProcessMemory or WriteProcessMemory request was completed. (0x12B)
[0406/182506.374:ERROR:process_memory_win.cc(73)] ReadMemory at 0x1b725da4d00 of 80 bytes failed: Only part of a ReadProcessMemory or WriteProcessMemory request was completed. (0x12B)
[0406/182506.374:ERROR:process_memory_win.cc(73)] ReadMemory at 0x1b725da62d0 of 80 bytes failed: Only part of a ReadProcessMemory or WriteProcessMemory request was completed. (0x12B)
[0406/182506.374:ERROR:process_memory_win.cc(73)] ReadMemory at 0x1b725da6690 of 76 bytes failed: Only part of a ReadProcessMemory or WriteProcessMemory request was completed. (0x12B)
[0406/182506.374:ERROR:process_memory_win.cc(73)] ReadMemory at 0x1b725da6a90 of 512 bytes failed: Only part of a ReadProcessMemory or WriteProcessMemory request was completed. (0x12B)
[0406/182506.374:ERROR:process_memory_win.cc(73)] ReadMemory at 0x1b725da8120 of 132 bytes failed: Only part of a ReadProcessMemory or WriteProcessMemory request was completed. (0x12B)
[0406/182506.374:ERROR:process_memory_win.cc(73)] ReadMemory at 0x1b725da9460 of 132 bytes failed: Only part of a ReadProcessMemory or WriteProcessMemory request was completed. (0x12B)
[0406/182506.374:ERROR:process_memory_win.cc(73)] ReadMemory at 0x1b725da9590 of 132 bytes failed: Only part of a ReadProcessMemory or WriteProcessMemory request was completed. (0x12B)
[0406/182506.374:ERROR:process_memory_win.cc(73)] ReadMemory at 0x1b725da96c0 of 132 bytes failed: Only part of a ReadProcessMemory or WriteProcessMemory request was completed. (0x12B)
[0406/182506.374:ERROR:process_memory_win.cc(73)] ReadMemory at 0x1b725da97f0 of 132 bytes failed: Only part of a ReadProcessMemory or WriteProcessMemory request was completed. (0x12B)
[0406/182506.374:ERROR:process_memory_win.cc(73)] ReadMemory at 0x1b725da9a50 of 132 bytes failed: Only part of a ReadProcessMemory or WriteProcessMemory request was completed. (0x12B)
[0406/182506.374:ERROR:process_memory_win.cc(73)] ReadMemory at 0x1b725da9b80 of 132 bytes failed: Only part of a ReadProcessMemory or WriteProcessMemory request was completed. (0x12B)
[0406/182506.374:ERROR:process_memory_win.cc(73)] ReadMemory at 0x1b725da9cb0 of 132 bytes failed: Only part of a ReadProcessMemory or WriteProcessMemory request was completed. (0x12B)
[0406/182506.374:ERROR:process_memory_win.cc(73)] ReadMemory at 0x1b725da9de0 of 132 bytes failed: Only part of a ReadProcessMemory or WriteProcessMemory request was completed. (0x12B)
[0406/182506.374:ERROR:process_memory_win.cc(73)] ReadMemory at 0x1b725da9f10 of 132 bytes failed: Only part of a ReadProcessMemory or WriteProcessMemory request was completed. (0x12B)
[0406/182506.374:ERROR:process_memory_win.cc(73)] ReadMemory at 0x1b725daa040 of 132 bytes failed: Only part of a ReadProcessMemory or WriteProcessMemory request was completed. (0x12B)
[0406/182506.374:ERROR:process_memory_win.cc(73)] ReadMemory at 0x1b725daa170 of 132 bytes failed: Only part of a ReadProcessMemory or WriteProcessMemory request was completed. (0x12B)
[0406/182506.374:ERROR:process_memory_win.cc(73)] ReadMemory at 0x1b725daa2a0 of 132 bytes failed: Only part of a ReadProcessMemory or WriteProcessMemory request was completed. (0x12B)
[0406/182506.374:ERROR:process_memory_win.cc(73)] ReadMemory at 0x1b725dac0a0 of 132 bytes failed: Only part of a ReadProcessMemory or WriteProcessMemory request was completed. (0x12B)
[0406/182506.374:ERROR:process_memory_win.cc(73)] ReadMemory at 0x1b725dae660 of 54 bytes failed: Only part of a ReadProcessMemory or WriteProcessMemory request was completed. (0x12B)
[0406/182506.374:ERROR:process_memory_win.cc(73)] ReadMemory at 0x1b725daef90 of 62 bytes failed: Only part of a ReadProcessMemory or WriteProcessMemory request was completed. (0x12B)
[0406/182506.375:ERROR:process_memory_win.cc(73)] ReadMemory at 0x1b725daefe0 of 62 bytes failed: Only part of a ReadProcessMemory or WriteProcessMemory request was completed. (0x12B)
[0406/182506.375:ERROR:process_memory_win.cc(73)] ReadMemory at 0x1b725daf0d0 of 64 bytes failed: Only part of a ReadProcessMemory or WriteProcessMemory request was completed. (0x12B)
[0406/182506.375:ERROR:process_memory_win.cc(73)] ReadMemory at 0x1b725daf260 of 58 bytes failed: Only part of a ReadProcessMemory or WriteProcessMemory request was completed. (0x12B)
[0406/182506.375:ERROR:process_memory_win.cc(73)] ReadMemory at 0x1b725daf2b0 of 62 bytes failed: Only part of a ReadProcessMemory or WriteProcessMemory request was completed. (0x12B)
[0406/182506.375:ERROR:process_memory_win.cc(73)] ReadMemory at 0x1b725daf490 of 66 bytes failed: Only part of a ReadProcessMemory or WriteProcessMemory request was completed. (0x12B)
[0406/182506.375:ERROR:process_memory_win.cc(73)] ReadMemory at 0x1b725daf4e0 of 64 bytes failed: Only part of a ReadProcessMemory or WriteProcessMemory request was completed. (0x12B)
[0406/182506.375:ERROR:process_memory_win.cc(73)] ReadMemory at 0x1b725daf580 of 62 bytes failed: Only part of a ReadProcessMemory or WriteProcessMemory request was completed. (0x12B)
[0406/182506.375:ERROR:process_memory_win.cc(73)] ReadMemory at 0x1b725daf6c0 of 60 bytes failed: Only part of a ReadProcessMemory or WriteProcessMemory request was completed. (0x12B)
[0406/182506.375:ERROR:process_memory_win.cc(73)] ReadMemory at 0x1b725daf710 of 60 bytes failed: Only part of a ReadProcessMemory or WriteProcessMemory request was completed. (0x12B)
[0406/182506.375:ERROR:process_memory_win.cc(73)] ReadMemory at 0x1b725daf760 of 64 bytes failed: Only part of a ReadProcessMemory or WriteProcessMemory request was completed. (0x12B)
[0406/182506.375:ERROR:process_memory_win.cc(73)] ReadMemory at 0x1b725daf9e0 of 60 bytes failed: Only part of a ReadProcessMemory or WriteProcessMemory request was completed. (0x12B)
[0406/182506.375:ERROR:process_memory_win.cc(73)] ReadMemory at 0x1b725dafa80 of 62 bytes failed: Only part of a ReadProcessMemory or WriteProcessMemory request was completed. (0x12B)
[0406/182506.375:ERROR:process_memory_win.cc(73)] ReadMemory at 0x1b725dafb20 of 60 bytes failed: Only part of a ReadProcessMemory or WriteProcessMemory request was completed. (0x12B)
[0406/182506.375:ERROR:process_memory_win.cc(73)] ReadMemory at 0x1b725dafb70 of 64 bytes failed: Only part of a ReadProcessMemory or WriteProcessMemory request was completed. (0x12B)
[0406/182506.375:ERROR:process_memory_win.cc(73)] ReadMemory at 0x1b725dafc10 of 62 bytes failed: Only part of a ReadProcessMemory or WriteProcessMemory request was completed. (0x12B)
[0406/182506.375:ERROR:process_memory_win.cc(73)] ReadMemory at 0x1b725dafe40 of 62 bytes failed: Only part of a ReadProcessMemory or WriteProcessMemory request was completed. (0x12B)
[0406/182506.375:ERROR:process_memory_win.cc(73)] ReadMemory at 0x1b725dafee0 of 62 bytes failed: Only part of a ReadProcessMemory or WriteProcessMemory request was completed. (0x12B)
[0406/182506.375:ERROR:process_memory_win.cc(73)] ReadMemory at 0x1b725daffa0 of 132 bytes failed: Only part of a ReadProcessMemory or WriteProcessMemory request was completed. (0x12B)
[0406/182506.376:ERROR:process_memory_win.cc(73)] ReadMemory at 0x1b725db0330 of 132 bytes failed: Only part of a ReadProcessMemory or WriteProcessMemory request was completed. (0x12B)
[0406/182506.376:ERROR:process_memory_win.cc(73)] ReadMemory at 0x1b725db0460 of 132 bytes failed: Only part of a ReadProcessMemory or WriteProcessMemory request was completed. (0x12B)
[0406/182506.376:ERROR:process_memory_win.cc(73)] ReadMemory at 0x1b725db0920 of 132 bytes failed: Only part of a ReadProcessMemory or WriteProcessMemory request was completed. (0x12B)
[0406/182506.376:ERROR:process_memory_win.cc(73)] ReadMemory at 0x1b725db0f10 of 132 bytes failed: Only part of a ReadProcessMemory or WriteProcessMemory request was completed. (0x12B)
[0406/182506.376:ERROR:process_memory_win.cc(73)] ReadMemory at 0x1b725db1630 of 132 bytes failed: Only part of a ReadProcessMemory or WriteProcessMemory request was completed. (0x12B)
[0406/182506.376:ERROR:process_memory_win.cc(73)] ReadMemory at 0x1b725db1760 of 132 bytes failed: Only part of a ReadProcessMemory or WriteProcessMemory request was completed. (0x12B)
[0406/182506.376:ERROR:process_memory_win.cc(73)] ReadMemory at 0x1b725db1890 of 132 bytes failed: Only part of a ReadProcessMemory or WriteProcessMemory request was completed. (0x12B)
[0406/182506.376:ERROR:process_memory_win.cc(73)] ReadMemory at 0x1b725db19c0 of 132 bytes failed: Only part of a ReadProcessMemory or WriteProcessMemory request was completed. (0x12B)
[0406/182506.376:ERROR:process_memory_win.cc(73)] ReadMemory at 0x1b725db1af0 of 132 bytes failed: Only part of a ReadProcessMemory or WriteProcessMemory request was completed. (0x12B)
[0406/182506.376:ERROR:process_memory_win.cc(73)] ReadMemory at 0x1b725db1d50 of 132 bytes failed: Only part of a ReadProcessMemory or WriteProcessMemory request was completed. (0x12B)
[0406/182506.376:ERROR:process_memory_win.cc(73)] ReadMemory at 0x1b7261a0c40 of 512 bytes failed: Only part of a ReadProcessMemory or WriteProcessMemory request was completed. (0x12B)
[0406/182506.376:ERROR:process_memory_win.cc(73)] ReadMemory at 0x1b7261a1000 of 512 bytes failed: Only part of a ReadProcessMemory or WriteProcessMemory request was completed. (0x12B)
[0406/182506.376:ERROR:process_memory_win.cc(73)] ReadMemory at 0x1b7261a1e40 of 512 bytes failed: Only part of a ReadProcessMemory or WriteProcessMemory request was completed. (0x12B)
[0406/182506.376:ERROR:process_memory_win.cc(73)] ReadMemory at 0x1b7262d33e0 of 512 bytes failed: Only part of a ReadProcessMemory or WriteProcessMemory request was completed. (0x12B)
[0406/182506.376:ERROR:process_memory_win.cc(73)] ReadMemory at 0x1b7262d3680 of 512 bytes failed: Only part of a ReadProcessMemory or WriteProcessMemory request was completed. (0x12B)
[0406/182506.376:ERROR:process_memory_win.cc(73)] ReadMemory at 0x1b7262e11a0 of 512 bytes failed: Only part of a ReadProcessMemory or WriteProcessMemory request was completed. (0x12B)
[0406/182506.376:ERROR:process_memory_win.cc(73)] ReadMemory at 0x1b7262ef3a0 of 712 bytes failed: Only part of a ReadProcessMemory or WriteProcessMemory request was completed. (0x12B)
[0406/182506.376:ERROR:process_memory_win.cc(73)] ReadMemory at 0x1b7262f6870 of 512 bytes failed: Only part of a ReadProcessMemory or WriteProcessMemory request was completed. (0x12B)
[0406/182506.376:ERROR:process_memory_win.cc(73)] ReadMemory at 0x1b726399690 of 512 bytes failed: Only part of a ReadProcessMemory or WriteProcessMemory request was completed. (0x12B)
[0406/182506.377:ERROR:process_memory_win.cc(73)] ReadMemory at 0x1b72812c900 of 512 bytes failed: Only part of a ReadProcessMemory or WriteProcessMemory request was completed. (0x12B)
[0406/182506.377:ERROR:process_memory_win.cc(73)] ReadMemory at 0x1b728153238 of 512 bytes failed: Only part of a ReadProcessMemory or WriteProcessMemory request was completed. (0x12B)
[0406/182506.377:ERROR:process_memory_win.cc(73)] ReadMemory at 0x1b728154288 of 512 bytes failed: Only part of a ReadProcessMemory or WriteProcessMemory request was completed. (0x12B)
[0406/182506.377:ERROR:process_memory_win.cc(73)] ReadMemory at 0x1b728154708 of 656 bytes failed: Only part of a ReadProcessMemory or WriteProcessMemory request was completed. (0x12B)
[0406/182506.377:ERROR:process_memory_win.cc(73)] ReadMemory at 0x1b728154c18 of 512 bytes failed: Only part of a ReadProcessMemory or WriteProcessMemory request was completed. (0x12B)
[0406/182506.377:ERROR:process_memory_win.cc(73)] ReadMemory at 0x1b72858e5a0 of 512 bytes failed: Only part of a ReadProcessMemory or WriteProcessMemory request was completed. (0x12B)
[0406/182506.377:ERROR:process_memory_win.cc(73)] ReadMemory at 0x7ffec145038c of 512 bytes failed: Only part of a ReadProcessMemory or WriteProcessMemory request was completed. (0x12B)
[0406/182506.377:ERROR:process_memory_win.cc(73)] ReadMemory at 0x7ffec58a4a18 of 512 bytes failed: Only part of a ReadProcessMemory or WriteProcessMemory request was completed. (0x12B)
[0406/182506.377:ERROR:process_memory_win.cc(73)] ReadMemory at 0x7fff323ea7d9 of 512 bytes failed: Only part of a ReadProcessMemory or WriteProcessMemory request was completed. (0x12B)
[0406/182506.377:ERROR:process_memory_win.cc(73)] ReadMemory at 0x7fff3261b720 of 512 bytes failed: Only part of a ReadProcessMemory or WriteProcessMemory request was completed. (0x12B)
[0406/182506.377:ERROR:process_memory_win.cc(73)] ReadMemory at 0x7fff34cdc0c4 of 672 bytes failed: Only part of a ReadProcessMemory or WriteProcessMemory request was completed. (0x12B)
[0406/182506.377:ERROR:process_memory_win.cc(73)] ReadMemory at 0x7fff34cdc6c4 of 512 bytes failed: Only part of a ReadProcessMemory or WriteProcessMemory request was completed. (0x12B)
[0406/182506.377:ERROR:process_memory_win.cc(73)] ReadMemory at 0x7fff34cdf974 of 608 bytes failed: Only part of a ReadProcessMemory or WriteProcessMemory request was completed. (0x12B)
[0406/182506.377:ERROR:process_memory_win.cc(73)] ReadMemory at 0x7fff34d6c428 of 18 bytes failed: Only part of a ReadProcessMemory or WriteProcessMemory request was completed. (0x12B)
[0406/182506.377:ERROR:process_memory_win.cc(73)] ReadMemory at 0x7fff34d9f4f8 of 40 bytes failed: Only part of a ReadProcessMemory or WriteProcessMemory request was completed. (0x12B)
[0406/182506.377:ERROR:process_memory_win.cc(73)] ReadMemory at 0x7fff34d9f978 of 48 bytes failed: Only part of a ReadProcessMemory or WriteProcessMemory request was completed. (0x12B)
[0406/182506.377:ERROR:process_memory_win.cc(73)] ReadMemory at 0x7fff34da53c0 of 64 bytes failed: Only part of a ReadProcessMemory or WriteProcessMemory request was completed. (0x12B)
[0406/182506.380:ERROR:scoped_process_suspend.cc(40)] NtResumeProcess: An attempt was made to access an exiting process. (0xc000010a)
[0406/182718.057:ERROR:filesystem_win.cc(148)] DeleteFile C:\Users\manis\AppData\Local\Google\Chrome\User Data\Crashpad\reports\134b4ca5-d344-4501-9062-3a481c3957ce.dmp: The process cannot access the file because it is being used by another process. (0x20)
[0406/204024.553:ERROR:process_info.cc(359)] UncheckedAllocate
[0406/204216.411:ERROR:process_info.cc(359)] UncheckedAllocate
[0406/232558.158:ERROR:process_info.cc(359)] UncheckedAllocate
[0407/083936.001:ERROR:process_info.cc(359)] UncheckedAllocate
[0407/105146.818:ERROR:process_info.cc(359)] UncheckedAllocate
[0407/105534.235:ERROR:process_info.cc(359)] UncheckedAllocate
